hello world
[2026-02-23 12:20:15] Starting batch image enhancement...
[2026-02-23 12:20:15] Starting batch image enhancement...
[2026-02-23 12:20:15] Skipping FB_IMG_1770931581714.jpg (already enhanced)
[2026-02-23 12:20:15] Skipping FB_IMG_1770931581714.jpg (already enhanced)
[2026-02-23 12:20:17] Skipping FB_IMG_1770931585747.jpg (already enhanced)
[2026-02-23 12:20:17] Skipping FB_IMG_1770931585747.jpg (already enhanced)
[2026-02-23 12:20:19] Processing FB_IMG_1770931588800.jpg...
[2026-02-23 12:20:19] Processing FB_IMG_1770931588800.jpg...
[2026-02-23 12:20:38] Successfully enhanced FB_IMG_1770931588800.jpg -> FB_IMG_1770931588800-enhanced.png
[2026-02-23 12:20:38] Successfully enhanced FB_IMG_1770931588800.jpg -> FB_IMG_1770931588800-enhanced.png
[2026-02-23 12:20:40] Processing FB_IMG_1770931591511.jpg...
[2026-02-23 12:20:40] Processing FB_IMG_1770931591511.jpg...
[2026-02-23 12:20:58] Successfully enhanced FB_IMG_1770931591511.jpg -> FB_IMG_1770931591511-enhanced.png
[2026-02-23 12:20:58] Successfully enhanced FB_IMG_1770931591511.jpg -> FB_IMG_1770931591511-enhanced.png
[2026-02-23 12:21:00] Processing FB_IMG_1770931596077.jpg...
[2026-02-23 12:21:00] Processing FB_IMG_1770931596077.jpg...
[2026-02-23 12:21:20] Successfully enhanced FB_IMG_1770931596077.jpg -> FB_IMG_1770931596077-enhanced.png
[2026-02-23 12:21:20] Successfully enhanced FB_IMG_1770931596077.jpg -> FB_IMG_1770931596077-enhanced.png
[2026-02-23 12:21:22] Processing FB_IMG_1770931599703.jpg...
[2026-02-23 12:21:22] Processing FB_IMG_1770931599703.jpg...
[2026-02-23 12:21:41] Successfully enhanced FB_IMG_1770931599703.jpg -> FB_IMG_1770931599703-enhanced.png
[2026-02-23 12:21:41] Successfully enhanced FB_IMG_1770931599703.jpg -> FB_IMG_1770931599703-enhanced.png
[2026-02-23 12:21:43] Processing FB_IMG_1770931602287.jpg...
[2026-02-23 12:21:43] Processing FB_IMG_1770931602287.jpg...
[2026-02-23 12:22:05] Successfully enhanced FB_IMG_1770931602287.jpg -> FB_IMG_1770931602287-enhanced.png
[2026-02-23 12:22:05] Successfully enhanced FB_IMG_1770931602287.jpg -> FB_IMG_1770931602287-enhanced.png
[2026-02-23 12:22:07] Processing FB_IMG_1770931604657.jpg...
[2026-02-23 12:22:07] Processing FB_IMG_1770931604657.jpg...
[2026-02-23 12:22:30] Successfully enhanced FB_IMG_1770931604657.jpg -> FB_IMG_1770931604657-enhanced.png
[2026-02-23 12:22:30] Successfully enhanced FB_IMG_1770931604657.jpg -> FB_IMG_1770931604657-enhanced.png
[2026-02-23 12:22:32] Processing FB_IMG_1770931607035.jpg...
[2026-02-23 12:22:32] Processing FB_IMG_1770931607035.jpg...
[2026-02-23 12:22:50] Successfully enhanced FB_IMG_1770931607035.jpg -> FB_IMG_1770931607035-enhanced.png
[2026-02-23 12:22:50] Successfully enhanced FB_IMG_1770931607035.jpg -> FB_IMG_1770931607035-enhanced.png
[2026-02-23 12:22:52] Processing FB_IMG_1770931609796.jpg...
[2026-02-23 12:22:52] Processing FB_IMG_1770931609796.jpg...
[2026-02-23 12:23:15] Successfully enhanced FB_IMG_1770931609796.jpg -> FB_IMG_1770931609796-enhanced.png
[2026-02-23 12:23:15] Successfully enhanced FB_IMG_1770931609796.jpg -> FB_IMG_1770931609796-enhanced.png
[2026-02-23 12:23:17] Processing FB_IMG_1770931615803.jpg...
[2026-02-23 12:23:17] Processing FB_IMG_1770931615803.jpg...
[2026-02-23 12:23:36] Successfully enhanced FB_IMG_1770931615803.jpg -> FB_IMG_1770931615803-enhanced.png
[2026-02-23 12:23:36] Successfully enhanced FB_IMG_1770931615803.jpg -> FB_IMG_1770931615803-enhanced.png
[2026-02-23 12:23:38] Processing FB_IMG_1770931619055.jpg...
[2026-02-23 12:23:38] Processing FB_IMG_1770931619055.jpg...
[2026-02-23 12:24:00] Successfully enhanced FB_IMG_1770931619055.jpg -> FB_IMG_1770931619055-enhanced.png
[2026-02-23 12:24:00] Successfully enhanced FB_IMG_1770931619055.jpg -> FB_IMG_1770931619055-enhanced.png
[2026-02-23 12:24:02] Processing FB_IMG_1770931621682.jpg...
[2026-02-23 12:24:02] Processing FB_IMG_1770931621682.jpg...
[2026-02-23 12:24:22] Successfully enhanced FB_IMG_1770931621682.jpg -> FB_IMG_1770931621682-enhanced.png
[2026-02-23 12:24:22] Successfully enhanced FB_IMG_1770931621682.jpg -> FB_IMG_1770931621682-enhanced.png
[2026-02-23 12:24:24] Processing FB_IMG_1770931624767.jpg...
[2026-02-23 12:24:24] Processing FB_IMG_1770931624767.jpg...
[2026-02-23 12:24:44] Successfully enhanced FB_IMG_1770931624767.jpg -> FB_IMG_1770931624767-enhanced.png
[2026-02-23 12:24:44] Successfully enhanced FB_IMG_1770931624767.jpg -> FB_IMG_1770931624767-enhanced.png
[2026-02-23 12:24:46] Processing FB_IMG_1770931627076.jpg...
[2026-02-23 12:24:46] Processing FB_IMG_1770931627076.jpg...
[2026-02-23 12:25:08] Successfully enhanced FB_IMG_1770931627076.jpg -> FB_IMG_1770931627076-enhanced.png
[2026-02-23 12:25:08] Successfully enhanced FB_IMG_1770931627076.jpg -> FB_IMG_1770931627076-enhanced.png
[2026-02-23 12:25:10] Processing FB_IMG_1770931631815.jpg...
[2026-02-23 12:25:10] Processing FB_IMG_1770931631815.jpg...
[2026-02-23 12:26:33] Starting batch image enhancement...
[2026-02-23 12:26:33] Skipping FB_IMG_1770931581714.jpg (already enhanced)
[2026-02-23 12:26:35] Batch processing complete. Processed 1/85 images.
